2024-10-17 22:42:40 Loading main app package /usr/lib/obsidian/obsidian.asar
2024-10-17 22:43:30 Loading main app package /usr/lib/obsidian/obsidian.asar
2024-10-17 22:45:34 Loading main app package /usr/lib/obsidian/obsidian.asar
2024-10-17 22:46:28 Loading main app package /usr/lib/obsidian/obsidian.asar
2024-10-19 22:10:59 Loading main app package /usr/lib/obsidian/obsidian.asar
2024-10-19 22:11:01 Checking for update using Github
2024-10-19 22:11:05 Success.
2024-10-19 22:11:05 Latest version is 1.7.4
2024-10-19 22:11:05 App is up to date.
2024-10-19 23:32:15 Loading main app package /usr/lib/obsidian/obsidian.asar
2024-10-19 23:32:15 Checking for update using Github
2024-10-19 23:32:15 Success.
2024-10-19 23:32:15 Latest version is 1.7.4
2024-10-19 23:32:15 App is up to date.
2024-10-19 23:37:34 Loading main app package /usr/lib/obsidian/obsidian.asar
2024-10-19 23:37:34 Checking for update using Github
2024-10-19 23:37:34 Success.
2024-10-19 23:37:34 Latest version is 1.7.4
2024-10-19 23:37:34 App is up to date.
2024-10-20 00:01:51 Loading main app package /usr/lib/obsidian/obsidian.asar
2024-10-20 00:01:51 Checking for update using Github
2024-10-20 00:02:17 Success.
2024-10-20 00:02:17 Latest version is 1.7.4
2024-10-20 00:02:17 App is up to date.
2024-10-20 11:02:45 Loading main app package /usr/lib/obsidian/obsidian.asar
2024-10-20 11:02:48 Checking for update using Github
2024-10-20 11:02:49 Success.
2024-10-20 11:02:49 Latest version is 1.7.4
2024-10-20 11:02:49 App is up to date.
2024-10-20 12:07:18 Loading main app package /usr/lib/obsidian/obsidian.asar
2024-10-20 12:07:18 Checking for update using Github
2024-10-20 12:07:20 Success.
2024-10-20 12:07:20 Latest version is 1.7.4
2024-10-20 12:07:20 App is up to date.
2024-10-20 13:07:18 Checking for update using Github
2024-10-20 13:07:18 Success.
2024-10-20 13:07:18 Latest version is 1.7.4
2024-10-20 13:07:18 App is up to date.
2024-10-23 16:45:35 Loading main app package /usr/lib/obsidian/obsidian.asar
2024-10-23 16:45:38 Checking for update using Github
2024-10-23 16:45:39 Success.
2024-10-23 16:45:39 Latest version is 1.7.4
2024-10-23 16:45:39 App is up to date.
2024-10-23 17:45:36 Checking for update using Github
2024-10-23 17:45:37 Success.
2024-10-23 17:45:37 Latest version is 1.7.4
2024-10-23 17:45:37 App is up to date.
2024-10-23 20:52:14 Loading main app package /usr/lib/obsidian/obsidian.asar
2024-10-23 20:52:17 Checking for update using Github
2024-10-23 20:52:18 Success.
2024-10-23 20:52:18 Latest version is 1.7.4
2024-10-23 20:52:18 App is up to date.
2024-10-23 21:52:14 Checking for update using Github
2024-10-23 21:52:14 Success.
2024-10-23 21:52:14 Latest version is 1.7.4
2024-10-23 21:52:14 App is up to date.
2024-10-23 22:30:59 Loading main app package /usr/lib/obsidian/obsidian.asar
2024-10-23 22:30:59 Checking for update using Github
2024-10-23 22:30:59 Success.
2024-10-23 22:30:59 Latest version is 1.7.4
2024-10-23 22:30:59 App is up to date.
2024-10-24 11:39:22 Loading main app package /usr/lib/obsidian/obsidian.asar
2024-10-24 11:39:25 Checking for update using Github
2024-10-24 11:39:27 Success.
2024-10-24 11:39:27 Latest version is 1.7.4
2024-10-24 11:39:27 App is up to date.
2024-10-24 18:18:58 Loading main app package /usr/lib/obsidian/obsidian.asar
2024-10-24 18:19:01 Checking for update using Github
2024-10-24 18:19:05 Success.
2024-10-24 18:19:05 Latest version is 1.7.4
2024-10-24 18:19:05 App is up to date.
2024-10-24 19:18:58 Checking for update using Github
2024-10-24 19:18:58 Success.
2024-10-24 19:18:58 Latest version is 1.7.4
2024-10-24 19:18:58 App is up to date.
2024-10-24 20:18:58 Checking for update using Github
2024-10-24 20:19:00 Success.
2024-10-24 20:19:00 Latest version is 1.7.4
2024-10-24 20:19:00 App is up to date.
2024-10-25 15:20:00 Loading main app package /usr/lib/obsidian/obsidian.asar
2024-10-25 15:20:00 Checking for update using Github
2024-10-25 15:20:01 Success.
2024-10-25 15:20:01 Latest version is 1.7.4
2024-10-25 15:20:01 App is up to date.
2024-10-25 17:02:22 Loading main app package /usr/lib/obsidian/obsidian.asar
2024-10-25 17:02:26 Checking for update using Github
2024-10-25 17:02:27 Success.
2024-10-25 17:02:27 Latest version is 1.7.4
2024-10-25 17:02:27 App is up to date.
2024-10-25 18:02:22 Checking for update using Github
2024-10-25 18:02:22 Success.
2024-10-25 18:02:22 Latest version is 1.7.4
2024-10-25 18:02:22 App is up to date.
2024-10-26 10:07:54 Loading main app package /usr/lib/obsidian/obsidian.asar
2024-10-26 10:07:58 Checking for update using Github
2024-10-26 10:08:01 Success.
2024-10-26 10:08:01 Latest version is 1.7.4
2024-10-26 10:08:01 App is up to date.
2024-10-26 11:07:54 Checking for update using Github
2024-10-26 11:07:54 Success.
2024-10-26 11:07:54 Latest version is 1.7.4
2024-10-26 11:07:54 App is up to date.
2024-10-26 12:07:54 Checking for update using Github
2024-10-26 12:07:54 Success.
2024-10-26 12:07:54 Latest version is 1.7.4
2024-10-26 12:07:54 App is up to date.
2024-10-26 13:02:36 Loading main app package /usr/lib/obsidian/obsidian.asar
2024-10-26 13:02:42 Checking for update using Github
2024-10-26 13:02:44 Success.
2024-10-26 13:02:44 Latest version is 1.7.4
2024-10-26 13:02:44 App is up to date.
2024-10-26 13:20:37 Loading main app package /usr/lib/obsidian/obsidian.asar
2024-10-26 13:20:37 Checking for update using Github
2024-10-26 13:23:27 Loading main app package /usr/lib/obsidian/obsidian.asar
2024-10-26 13:23:27 Checking for update using Github
2024-10-26 13:23:28 Success.
2024-10-26 13:23:28 Latest version is 1.7.4
2024-10-26 13:23:28 App is up to date.
2024-10-26 19:22:18 Loading main app package /usr/lib/obsidian/obsidian.asar
2024-10-26 19:22:19 Checking for update using Github
2024-10-26 19:22:20 Success.
2024-10-26 19:22:20 Latest version is 1.7.4
2024-10-26 19:22:20 App is up to date.
2024-10-26 19:26:26 Loading main app package /usr/lib/obsidian/obsidian.asar
2024-10-26 19:26:26 Checking for update using Github
2024-10-26 19:26:26 Success.
2024-10-26 19:26:26 Latest version is 1.7.4
2024-10-26 19:26:26 App is up to date.
2024-10-26 19:37:50 Loading main app package /usr/lib/obsidian/obsidian.asar
2024-10-26 19:37:50 Checking for update using Github
2024-10-26 19:37:51 Success.
2024-10-26 19:37:51 Latest version is 1.7.4
2024-10-26 19:37:51 App is up to date.
2024-10-26 19:39:42 Loading main app package /usr/lib/obsidian/obsidian.asar
2024-10-26 19:39:42 Checking for update using Github
2024-10-26 19:39:42 Success.
2024-10-26 19:39:42 Latest version is 1.7.4
2024-10-26 19:39:42 App is up to date.
2024-10-26 20:39:42 Checking for update using Github
2024-10-26 20:39:42 Success.
2024-10-26 20:39:42 Latest version is 1.7.4
2024-10-26 20:39:42 App is up to date.
2024-10-26 21:39:42 Checking for update using Github
2024-10-26 21:39:42 Success.
2024-10-26 21:39:42 Latest version is 1.7.4
2024-10-26 21:39:42 App is up to date.
2024-10-26 22:39:42 Checking for update using Github
2024-10-26 22:39:42 Success.
2024-10-26 22:39:42 Latest version is 1.7.4
2024-10-26 22:39:42 App is up to date.
2024-10-27 11:56:06 Loading main app package /usr/lib/obsidian/obsidian.asar
2024-10-27 11:56:09 Checking for update using Github
2024-10-27 11:56:10 Success.
2024-10-27 11:56:10 Latest version is 1.7.4
2024-10-27 11:56:10 App is up to date.
2024-10-27 12:56:06 Checking for update using Github
2024-10-27 12:56:06 Success.
2024-10-27 12:56:06 Latest version is 1.7.4
2024-10-27 12:56:06 App is up to date.
2024-10-27 13:56:06 Checking for update using Github
2024-10-27 13:56:06 Success.
2024-10-27 13:56:06 Latest version is 1.7.4
2024-10-27 13:56:06 App is up to date.
2024-10-27 14:56:06 Checking for update using Github
2024-10-27 14:56:06 Success.
2024-10-27 14:56:06 Latest version is 1.7.4
2024-10-27 14:56:06 App is up to date.
2024-10-27 15:56:06 Checking for update using Github
2024-10-27 15:56:06 Success.
2024-10-27 15:56:06 Latest version is 1.7.4
2024-10-27 15:56:06 App is up to date.
2024-10-27 16:56:06 Checking for update using Github
2024-10-27 16:56:06 Success.
2024-10-27 16:56:06 Latest version is 1.7.4
2024-10-27 16:56:06 App is up to date.
2024-10-27 17:56:06 Checking for update using Github
2024-10-27 17:56:06 Success.
2024-10-27 17:56:06 Latest version is 1.7.4
2024-10-27 17:56:06 App is up to date.
2024-10-27 18:56:06 Checking for update using Github
2024-10-27 18:56:06 Success.
2024-10-27 18:56:06 Latest version is 1.7.4
2024-10-27 18:56:06 App is up to date.
2024-10-27 19:56:06 Checking for update using Github
2024-10-27 19:56:07 Success.
2024-10-27 19:56:07 Latest version is 1.7.4
2024-10-27 19:56:07 App is up to date.
2024-10-29 11:13:00 Loading main app package /usr/lib/obsidian/obsidian.asar
2024-10-29 11:13:03 Checking for update using Github
2024-10-29 11:13:04 Success.
2024-10-29 11:13:04 Latest version is 1.7.4
2024-10-29 11:13:04 App is up to date.
2024-10-29 12:13:00 Checking for update using Github
2024-10-29 12:13:00 Success.
2024-10-29 12:13:00 Latest version is 1.7.4
2024-10-29 12:13:00 App is up to date.
2024-10-29 13:13:00 Checking for update using Github
2024-10-29 13:13:00 Success.
2024-10-29 13:13:00 Latest version is 1.7.4
2024-10-29 13:13:00 App is up to date.
2024-10-29 14:13:00 Checking for update using Github
2024-10-29 14:13:00 Success.
2024-10-29 14:13:00 Latest version is 1.7.4
2024-10-29 14:13:00 App is up to date.
2024-10-29 15:13:00 Checking for update using Github
2024-10-29 15:13:01 Success.
2024-10-29 15:13:01 Latest version is 1.7.4
2024-10-29 15:13:01 App is up to date.
2024-10-30 17:50:12 Loading main app package /usr/lib/obsidian/obsidian.asar
2024-10-30 17:50:17 Checking for update using Github
2024-10-30 17:50:20 Success.
2024-10-30 17:50:20 Latest version is 1.7.4
2024-10-30 17:50:20 App is up to date.
2024-10-30 18:50:13 Checking for update using Github
2024-10-30 18:50:13 Success.
2024-10-30 18:50:13 Latest version is 1.7.4
2024-10-30 18:50:13 App is up to date.
2024-10-31 11:40:56 Loading main app package /usr/lib/obsidian/obsidian.asar
2024-10-31 11:41:01 Checking for update using Github
2024-10-31 11:41:02 Success.
2024-10-31 11:41:02 Latest version is 1.7.4
2024-10-31 11:41:02 App is up to date.
2024-11-01 18:46:16 Loading main app package /usr/lib/obsidian/obsidian.asar
2024-11-01 18:46:21 Checking for update using Github
2024-11-01 18:46:22 Success.
2024-11-01 18:46:22 Latest version is 1.7.4
2024-11-01 18:46:22 App is up to date.
2024-11-02 11:09:24 Loading main app package /usr/lib/obsidian/obsidian.asar
2024-11-02 11:09:39 Checking for update using Github
2024-11-02 11:09:43 Success.
2024-11-02 11:09:43 Latest version is 1.7.4
2024-11-02 11:09:43 App is up to date.
2024-11-02 11:09:59 Loading main app package /usr/lib/obsidian/obsidian.asar
2024-11-02 11:09:59 Checking for update using Github
2024-11-02 11:09:59 Success.
2024-11-02 11:09:59 Latest version is 1.7.4
2024-11-02 11:09:59 App is up to date.
2024-11-02 12:09:59 Checking for update using Github
2024-11-02 12:09:59 Success.
2024-11-02 12:09:59 Latest version is 1.7.4
2024-11-02 12:09:59 App is up to date.
2024-11-02 13:09:59 Checking for update using Github
2024-11-02 13:09:59 Success.
2024-11-02 13:09:59 Latest version is 1.7.4
2024-11-02 13:09:59 App is up to date.
2024-11-02 14:09:59 Checking for update using Github
2024-11-02 14:09:59 Success.
2024-11-02 14:09:59 Latest version is 1.7.4
2024-11-02 14:09:59 App is up to date.
2024-11-02 15:09:59 Checking for update using Github
2024-11-02 15:09:59 Success.
2024-11-02 15:09:59 Latest version is 1.7.4
2024-11-02 15:09:59 App is up to date.
2024-11-02 16:09:59 Checking for update using Github
2024-11-02 16:09:59 Success.
2024-11-02 16:09:59 Latest version is 1.7.4
2024-11-02 16:09:59 App is up to date.
2024-11-02 17:09:59 Checking for update using Github
2024-11-02 17:09:59 Success.
2024-11-02 17:09:59 Latest version is 1.7.4
2024-11-02 17:09:59 App is up to date.
2024-11-02 18:09:59 Checking for update using Github
2024-11-02 18:09:59 Success.
2024-11-02 18:09:59 Latest version is 1.7.4
2024-11-02 18:09:59 App is up to date.
2024-11-02 19:09:59 Checking for update using Github
2024-11-02 19:09:59 Success.
2024-11-02 19:09:59 Latest version is 1.7.4
2024-11-02 19:09:59 App is up to date.
2024-11-02 20:09:59 Checking for update using Github
2024-11-02 20:10:00 Success.
2024-11-02 20:10:00 Latest version is 1.7.4
2024-11-02 20:10:00 App is up to date.
2024-11-02 21:04:35 Loading main app package /usr/lib/obsidian/obsidian.asar
2024-11-02 21:04:40 Checking for update using Github
2024-11-02 21:04:42 Success.
2024-11-02 21:04:42 Latest version is 1.7.4
2024-11-02 21:04:42 App is up to date.
2024-11-02 22:04:35 Checking for update using Github
2024-11-02 22:04:35 Success.
2024-11-02 22:04:35 Latest version is 1.7.4
2024-11-02 22:04:35 App is up to date.
2024-11-02 23:04:35 Checking for update using Github
2024-11-02 23:04:35 Success.
2024-11-02 23:04:35 Latest version is 1.7.4
2024-11-02 23:04:35 App is up to date.
2024-11-03 00:04:35 Checking for update using Github
2024-11-03 00:04:35 Success.
2024-11-03 00:04:35 Latest version is 1.7.4
2024-11-03 00:04:35 App is up to date.
2024-11-03 10:46:05 Loading main app package /usr/lib/obsidian/obsidian.asar
2024-11-03 10:46:09 Checking for update using Github
2024-11-03 10:46:11 Success.
2024-11-03 10:46:11 Latest version is 1.7.4
2024-11-03 10:46:11 App is up to date.
2024-11-03 11:46:05 Checking for update using Github
2024-11-03 11:46:07 Success.
2024-11-03 11:46:07 Latest version is 1.7.4
2024-11-03 11:46:07 App is up to date.
2024-11-03 12:46:05 Checking for update using Github
2024-11-03 12:46:05 Success.
2024-11-03 12:46:05 Latest version is 1.7.4
2024-11-03 12:46:05 App is up to date.
2024-11-05 11:18:59 Loading main app package /usr/lib/obsidian/obsidian.asar
2024-11-05 11:19:04 Checking for update using Github
2024-11-05 11:19:06 Success.
2024-11-05 11:19:06 Latest version is 1.7.5
2024-11-05 11:19:06 Downloading update from https://github.com/obsidianmd/obsidian-releases/releases/download/v1.7.5/obsidian-1.7.5.asar.gz
2024-11-05 11:19:08 Verifying hash & signature. Size= 8056498
2024-11-05 11:19:08 Saving file
2024-11-05 11:19:08 Update complete.
2024-11-05 12:19:00 Checking for update using Github
2024-11-05 12:19:00 Success.
2024-11-05 12:19:00 Latest version is 1.7.5
2024-11-05 12:19:00 An update is already downloaded.
2024-11-06 11:22:03 Loading updated app package /home/oki/.config/obsidian/obsidian-1.7.5.asar
2024-11-06 11:22:08 Checking for update using Github
2024-11-06 11:22:11 Success.
2024-11-06 11:22:11 Latest version is 1.7.5
2024-11-06 11:22:11 App is up to date.
2024-11-06 12:22:03 Checking for update using Github
2024-11-06 12:22:04 Success.
2024-11-06 12:22:04 Latest version is 1.7.5
2024-11-06 12:22:04 App is up to date.
2024-11-06 13:22:03 Checking for update using Github
2024-11-06 13:22:21 Success.
2024-11-06 13:22:21 Latest version is 1.7.5
2024-11-06 13:22:21 App is up to date.
2024-11-06 14:22:03 Checking for update using Github
2024-11-06 14:22:03 Success.
2024-11-06 14:22:03 Latest version is 1.7.5
2024-11-06 14:22:03 App is up to date.
2024-11-06 15:22:03 Checking for update using Github
2024-11-06 15:22:04 Success.
2024-11-06 15:22:04 Latest version is 1.7.5
2024-11-06 15:22:04 App is up to date.
2024-11-06 20:35:49 Loading main app package /usr/lib/obsidian/obsidian.asar
2024-11-06 20:35:50 Checking for update using Github
2024-11-06 20:35:50 Success.
2024-11-06 20:35:50 Latest version is 1.7.5
2024-11-06 20:35:50 App is up to date.
2024-11-06 21:35:49 Checking for update using Github
2024-11-06 21:35:49 Success.
2024-11-06 21:35:49 Latest version is 1.7.5
2024-11-06 21:35:49 App is up to date.
2024-11-06 22:35:49 Checking for update using Github
2024-11-06 22:35:49 Success.
2024-11-06 22:35:49 Latest version is 1.7.5
2024-11-06 22:35:49 App is up to date.
2024-11-06 23:35:49 Checking for update using Github
2024-11-06 23:35:49 Success.
2024-11-06 23:35:49 Latest version is 1.7.5
2024-11-06 23:35:49 App is up to date.
2024-11-07 00:35:49 Checking for update using Github
2024-11-07 00:35:50 Success.
2024-11-07 00:35:50 Latest version is 1.7.5
2024-11-07 00:35:50 App is up to date.
2024-11-14 14:29:38 Loading main app package /usr/lib/obsidian/obsidian.asar
2024-11-14 14:29:41 Checking for update using Github
2024-11-14 14:29:42 Success.
2024-11-14 14:29:42 Latest version is 1.7.6
2024-11-14 14:29:42 App is up to date.
2024-11-16 23:36:32 Loading main app package /usr/lib/obsidian/obsidian.asar
2024-11-16 23:36:33 Checking for update using Github
2024-11-16 23:36:35 Success.
2024-11-16 23:36:35 Latest version is 1.7.6
2024-11-16 23:36:35 App is up to date.
2024-11-17 00:36:32 Checking for update using Github
2024-11-17 00:36:32 Success.
2024-11-17 00:36:32 Latest version is 1.7.6
2024-11-17 00:36:32 App is up to date.
2024-11-17 23:46:44 Loading main app package /usr/lib/obsidian/obsidian.asar
2024-11-17 23:46:47 Checking for update using Github
2024-11-17 23:46:50 Success.
2024-11-17 23:46:50 Latest version is 1.7.6
2024-11-17 23:46:50 App is up to date.
2024-11-18 00:46:44 Checking for update using Github
2024-11-18 00:46:44 Success.
2024-11-18 00:46:44 Latest version is 1.7.6
2024-11-18 00:46:44 App is up to date.
2024-11-18 12:18:59 Loading main app package /usr/lib/obsidian/obsidian.asar
2024-11-18 12:19:02 Checking for update using Github
2024-11-18 12:19:03 Success.
2024-11-18 12:19:03 Latest version is 1.7.6
2024-11-18 12:19:03 App is up to date.
2024-11-18 12:19:31 Loading main app package /usr/lib/obsidian/obsidian.asar
2024-11-18 12:19:31 Checking for update using Github
2024-11-18 12:19:31 Success.
2024-11-18 12:19:31 Latest version is 1.7.6
2024-11-18 12:19:31 App is up to date.
